0 verbose cli /Users/loschcode/.volta/tools/image/node/22.17.0/bin/node /Users/loschcode/.volta/tools/image/node/22.17.0/bin/npm
1 info using npm@10.9.2
2 info using node@v22.17.0
3 silly config load:file:/Users/loschcode/.volta/tools/image/node/22.17.0/lib/node_modules/npm/npmrc
4 silly config load:file:/Users/loschcode/Desktop/work/linkbreakers/qr-code-styling/.npmrc
5 silly config load:file:/Users/loschcode/.npmrc
6 silly config load:file:/Users/loschcode/.volta/tools/image/node/22.17.0/etc/npmrc
7 verbose title npm pack
8 verbose argv "pack"
9 verbose logfile logs-max:10 dir:/Users/loschcode/Desktop/work/linkbreakers/qr-code-styling/.npm-cache/_logs/2025-12-08T11_30_27_079Z-
10 verbose logfile /Users/loschcode/Desktop/work/linkbreakers/qr-code-styling/.npm-cache/_logs/2025-12-08T11_30_27_079Z-debug-0.log
11 silly logfile done cleaning log files
12 http fetch GET https://registry.npmjs.org/npm attempt 1 failed with ENOTFOUND
13 silly packumentCache heap:4345298944 maxSize:1086324736 maxEntrySize:543162368
14 notice
15 notice 📦  @loschcode/qr-code-styling@1.0.0
16 notice Tarball Contents
17 notice 1.1kB LICENSE
17 notice 15.7kB README.md
17 notice 108B lib/constants/cornerDotTypes.d.ts
17 notice 114B lib/constants/cornerSquareTypes.d.ts
17 notice 96B lib/constants/dotTypes.d.ts
17 notice 11B lib/constants/dotTypes.test.d.ts
17 notice 98B lib/constants/drawTypes.d.ts
17 notice 198B lib/constants/errorCorrectionLevels.d.ts
17 notice 11B lib/constants/errorCorrectionLevels.test.d.ts
17 notice 139B lib/constants/errorCorrectionPercents.d.ts
17 notice 11B lib/constants/errorCorrectionPercents.test.d.ts
17 notice 106B lib/constants/gradientTypes.d.ts
17 notice 134B lib/constants/modes.d.ts
17 notice 11B lib/constants/modes.test.d.ts
17 notice 150B lib/constants/qrTypes.d.ts
17 notice 11B lib/constants/qrTypes.test.d.ts
17 notice 100B lib/constants/shapeTypes.d.ts
17 notice 1.1kB lib/core/QRCodeStyling.d.ts
17 notice 11B lib/core/QRCodeStyling.test.d.ts
17 notice 906B lib/core/QROptions.d.ts
17 notice 11B lib/core/QROptions.test.d.ts
17 notice 1.4kB lib/core/QRSVG.d.ts
17 notice 784B lib/figures/cornerDot/QRCornerDot.d.ts
17 notice 924B lib/figures/cornerSquare/QRCornerSquare.d.ts
17 notice 1.4kB lib/figures/dot/QRDot.d.ts
17 notice 807B lib/index.d.ts
17 notice 11B lib/index.test.d.ts
17 notice 48.6kB lib/qr-code-styling.common.js
17 notice 195.6kB lib/qr-code-styling.common.js.map
17 notice 48.8kB lib/qr-code-styling.js
17 notice 196.4kB lib/qr-code-styling.js.map
17 notice 449B lib/tools/calculateImageSize.d.ts
17 notice 11B lib/tools/calculateImageSize.test.d.ts
17 notice 70B lib/tools/downloadURI.d.ts
17 notice 64B lib/tools/getMimeType.d.ts
17 notice 86B lib/tools/getMode.d.ts
17 notice 11B lib/tools/getMode.test.d.ts
17 notice 144B lib/tools/merge.d.ts
17 notice 11B lib/tools/merge.test.d.ts
17 notice 137B lib/tools/sanitizeOptions.d.ts
17 notice 116B lib/tools/toDataUrl.d.ts
17 notice 3.9kB lib/types/index.d.ts
17 notice 2.4kB package.json
18 notice Tarball Details
19 notice name: @loschcode/qr-code-styling
20 notice version: 1.0.0
21 notice filename: loschcode-qr-code-styling-1.0.0.tgz
22 notice package size: 126.3 kB
23 notice unpacked size: 522.2 kB
24 notice shasum: 688653f1bd0559e92d907e04ea664c0e37f7e1bb
25 notice integrity: sha512-QsHlRGAnDd9RX[...]fziNWp3liw5Mg==
26 notice total files: 43
27 notice
28 verbose cwd /Users/loschcode/Desktop/work/linkbreakers/qr-code-styling
29 verbose os Darwin 24.6.0
30 verbose node v22.17.0
31 verbose npm  v10.9.2
32 verbose exit 0
33 info ok
